<?xml version="1.0" encoding="UTF-8"?>
<!-- Generated by org.testng.reporters.JUnitXMLReporter -->
<testsuite ignored="2" hostname="RAJ-LAPTOP" failures="0" tests="2" name="TestRunner-Edge" time="47.372" errors="0" timestamp="2024-04-09T12:04:46 IST">
  <testcase classname="contactTests.CreateContactTest" name="createContactTest" time="11.085"/>
  <testcase classname="organizationTests.CreateOrganizationTest" name="createOrganizationTest" time="14.378"/>
  <testcase classname="genericUtilities.BaseClass" name="@AfterSuite asConfig" time="0.0">
    <ignored/>
  </testcase> <!-- @AfterSuite asConfig -->
  <testcase classname="genericUtilities.BaseClass" name="@BeforeSuite bsConfig" time="0.0">
    <ignored/>
  </testcase> <!-- @BeforeSuite bsConfig -->
</testsuite> <!-- TestRunner-Edge -->
