<?xml version="1.0" encoding="UTF-8"?>
<testng-results ignored="4" total="8" passed="4" failed="0" skipped="0">
  <reporter-output>
    <line>
      <![CDATA[Clicked on contacts link]]>
    </line>
    <line>
      <![CDATA[Clicked on contacts link]]>
    </line>
    <line>
      <![CDATA[Clicked on create new contact button]]>
    </line>
    <line>
      <![CDATA[Clicked on create new contact button]]>
    </line>
    <line>
      <![CDATA[Contact created]]>
    </line>
    <line>
      <![CDATA[Header captured]]>
    </line>
    <line>
      <![CDATA[Contact created]]>
    </line>
    <line>
      <![CDATA[Header captured]]>
    </line>
  </reporter-output>
  <suite started-at="2024-04-09T12:03:59 IST" name="Suite" finished-at="2024-04-09T12:04:46 IST" duration-ms="47617">
    <groups>
      <group name="RegressionSuite">
        <method signature="CreateContactTest.createContactTest()[pri:0, instance:contactTests.CreateContactTest@3a7442c7]" name="createContactTest" class="contactTests.CreateContactTest"/>
        <method signature="CreateOrganizationTest.createOrganizationTest()[pri:0, instance:organizationTests.CreateOrganizationTest@742ff096]" name="createOrganizationTest" class="organizationTests.CreateOrganizationTest"/>
        <method signature="CreateContactTest.createContactTest()[pri:0, instance:contactTests.CreateContactTest@4082ba93]" name="createContactTest" class="contactTests.CreateContactTest"/>
        <method signature="CreateOrganizationTest.createOrganizationTest()[pri:0, instance:organizationTests.CreateOrganizationTest@17fc391b]" name="createOrganizationTest" class="organizationTests.CreateOrganizationTest"/>
      </group> <!-- RegressionSuite -->
    </groups>
    <test started-at="2024-04-09T12:03:59 IST" name="TestRunner-Edge" finished-at="2024-04-09T12:04:46 IST" duration-ms="47372">
      <class name="organizationTests.CreateOrganizationTest">
        <test-method is-config="true" signature="bcConfig()[pri:0, instance:organizationTests.CreateOrganizationTest@742ff096]" started-at="2024-04-09T12:04:22 IST" name="bcConfig" finished-at="2024-04-09T12:04:26 IST" duration-ms="3589" status="PASS">
          <reporter-output>
          </reporter-output>
        </test-method> <!-- bcConfig -->
        <test-method is-config="true" signature="bmConfig()[pri:0, instance:organizationTests.CreateOrganizationTest@742ff096]" started-at="2024-04-09T12:04:26 IST" name="bmConfig" finished-at="2024-04-09T12:04:28 IST" duration-ms="2702" status="PASS">
          <reporter-output>
          </reporter-output>
        </test-method> <!-- bmConfig -->
        <test-method signature="createOrganizationTest()[pri:0, instance:organizationTests.CreateOrganizationTest@742ff096]" started-at="2024-04-09T12:04:28 IST" name="createOrganizationTest" finished-at="2024-04-09T12:04:43 IST" duration-ms="14378" status="PASS">
          <reporter-output>
          </reporter-output>
        </test-method> <!-- createOrganizationTest -->
        <test-method is-config="true" signature="amConfig()[pri:0, instance:organizationTests.CreateOrganizationTest@742ff096]" started-at="2024-04-09T12:04:43 IST" name="amConfig" finished-at="2024-04-09T12:04:46 IST" duration-ms="3405" status="PASS">
          <reporter-output>
          </reporter-output>
        </test-method> <!-- amConfig -->
        <test-method is-config="true" signature="acConfig()[pri:0, instance:organizationTests.CreateOrganizationTest@742ff096]" started-at="2024-04-09T12:04:46 IST" name="acConfig" finished-at="2024-04-09T12:04:46 IST" duration-ms="84" status="PASS">
          <reporter-output>
          </reporter-output>
        </test-method> <!-- acConfig -->
      </class> <!-- organizationTests.CreateOrganizationTest -->
      <class name="contactTests.CreateContactTest">
        <test-method is-config="true" signature="bcConfig()[pri:0, instance:contactTests.CreateContactTest@3a7442c7]" started-at="2024-04-09T12:03:59 IST" name="bcConfig" finished-at="2024-04-09T12:04:04 IST" duration-ms="4892" status="PASS">
          <reporter-output>
          </reporter-output>
        </test-method> <!-- bcConfig -->
        <test-method is-config="true" signature="bmConfig()[pri:0, instance:contactTests.CreateContactTest@3a7442c7]" started-at="2024-04-09T12:04:04 IST" name="bmConfig" finished-at="2024-04-09T12:04:07 IST" duration-ms="3058" status="PASS">
          <reporter-output>
          </reporter-output>
        </test-method> <!-- bmConfig -->
        <test-method signature="createContactTest()[pri:0, instance:contactTests.CreateContactTest@3a7442c7]" started-at="2024-04-09T12:04:07 IST" name="createContactTest" finished-at="2024-04-09T12:04:18 IST" duration-ms="11085" status="PASS">
          <reporter-output>
            <line>
              <![CDATA[Clicked on contacts link]]>
            </line>
            <line>
              <![CDATA[Clicked on create new contact button]]>
            </line>
            <line>
              <![CDATA[Contact created]]>
            </line>
            <line>
              <![CDATA[Header captured]]>
            </line>
          </reporter-output>
        </test-method> <!-- createContactTest -->
        <test-method is-config="true" signature="amConfig()[pri:0, instance:contactTests.CreateContactTest@3a7442c7]" started-at="2024-04-09T12:04:18 IST" name="amConfig" finished-at="2024-04-09T12:04:22 IST" duration-ms="3573" status="PASS">
          <reporter-output>
          </reporter-output>
        </test-method> <!-- amConfig -->
        <test-method is-config="true" signature="acConfig()[pri:0, instance:contactTests.CreateContactTest@3a7442c7]" started-at="2024-04-09T12:04:22 IST" name="acConfig" finished-at="2024-04-09T12:04:22 IST" duration-ms="212" status="PASS">
          <reporter-output>
          </reporter-output>
        </test-method> <!-- acConfig -->
      </class> <!-- contactTests.CreateContactTest -->
    </test> <!-- TestRunner-Edge -->
    <test started-at="2024-04-09T12:03:59 IST" name="TestRunner-Firefox" finished-at="2024-04-09T12:04:46 IST" duration-ms="47617">
      <class name="organizationTests.CreateOrganizationTest">
        <test-method is-config="true" signature="bcConfig()[pri:0, instance:organizationTests.CreateOrganizationTest@17fc391b]" started-at="2024-04-09T12:04:22 IST" name="bcConfig" finished-at="2024-04-09T12:04:25 IST" duration-ms="3670" status="PASS">
          <reporter-output>
          </reporter-output>
        </test-method> <!-- bcConfig -->
        <test-method is-config="true" signature="bmConfig()[pri:0, instance:organizationTests.CreateOrganizationTest@17fc391b]" started-at="2024-04-09T12:04:25 IST" name="bmConfig" finished-at="2024-04-09T12:04:29 IST" duration-ms="3155" status="PASS">
          <reporter-output>
          </reporter-output>
        </test-method> <!-- bmConfig -->
        <test-method signature="createOrganizationTest()[pri:0, instance:organizationTests.CreateOrganizationTest@17fc391b]" started-at="2024-04-09T12:04:29 IST" name="createOrganizationTest" finished-at="2024-04-09T12:04:42 IST" duration-ms="13832" status="PASS">
          <reporter-output>
          </reporter-output>
        </test-method> <!-- createOrganizationTest -->
        <test-method is-config="true" signature="amConfig()[pri:0, instance:organizationTests.CreateOrganizationTest@17fc391b]" started-at="2024-04-09T12:04:42 IST" name="amConfig" finished-at="2024-04-09T12:04:46 IST" duration-ms="3804" status="PASS">
          <reporter-output>
          </reporter-output>
        </test-method> <!-- amConfig -->
        <test-method is-config="true" signature="acConfig()[pri:0, instance:organizationTests.CreateOrganizationTest@17fc391b]" started-at="2024-04-09T12:04:46 IST" name="acConfig" finished-at="2024-04-09T12:04:46 IST" duration-ms="120" status="PASS">
          <reporter-output>
          </reporter-output>
        </test-method> <!-- acConfig -->
      </class> <!-- organizationTests.CreateOrganizationTest -->
      <class name="contactTests.CreateContactTest">
        <test-method is-config="true" signature="bsConfig()[pri:0, instance:contactTests.CreateContactTest@4082ba93]" started-at="2024-04-09T12:03:59 IST" name="bsConfig" finished-at="2024-04-09T12:03:59 IST" duration-ms="16" status="PASS">
          <reporter-output>
          </reporter-output>
        </test-method> <!-- bsConfig -->
        <test-method is-config="true" signature="bcConfig()[pri:0, instance:contactTests.CreateContactTest@4082ba93]" started-at="2024-04-09T12:03:59 IST" name="bcConfig" finished-at="2024-04-09T12:04:04 IST" duration-ms="4967" status="PASS">
          <reporter-output>
          </reporter-output>
        </test-method> <!-- bcConfig -->
        <test-method is-config="true" signature="bmConfig()[pri:0, instance:contactTests.CreateContactTest@4082ba93]" started-at="2024-04-09T12:04:04 IST" name="bmConfig" finished-at="2024-04-09T12:04:07 IST" duration-ms="2941" status="PASS">
          <reporter-output>
          </reporter-output>
        </test-method> <!-- bmConfig -->
        <test-method signature="createContactTest()[pri:0, instance:contactTests.CreateContactTest@4082ba93]" started-at="2024-04-09T12:04:07 IST" name="createContactTest" finished-at="2024-04-09T12:04:18 IST" duration-ms="11066" status="PASS">
          <reporter-output>
            <line>
              <![CDATA[Clicked on contacts link]]>
            </line>
            <line>
              <![CDATA[Clicked on create new contact button]]>
            </line>
            <line>
              <![CDATA[Contact created]]>
            </line>
            <line>
              <![CDATA[Header captured]]>
            </line>
          </reporter-output>
        </test-method> <!-- createContactTest -->
        <test-method is-config="true" signature="amConfig()[pri:0, instance:contactTests.CreateContactTest@4082ba93]" started-at="2024-04-09T12:04:18 IST" name="amConfig" finished-at="2024-04-09T12:04:22 IST" duration-ms="3553" status="PASS">
          <reporter-output>
          </reporter-output>
        </test-method> <!-- amConfig -->
        <test-method is-config="true" signature="acConfig()[pri:0, instance:contactTests.CreateContactTest@4082ba93]" started-at="2024-04-09T12:04:22 IST" name="acConfig" finished-at="2024-04-09T12:04:22 IST" duration-ms="136" status="PASS">
          <reporter-output>
          </reporter-output>
        </test-method> <!-- acConfig -->
        <test-method is-config="true" signature="asConfig()[pri:0, instance:contactTests.CreateContactTest@4082ba93]" started-at="2024-04-09T12:04:47 IST" name="asConfig" finished-at="2024-04-09T12:04:47 IST" duration-ms="1" status="PASS">
          <reporter-output>
          </reporter-output>
        </test-method> <!-- asConfig -->
      </class> <!-- contactTests.CreateContactTest -->
    </test> <!-- TestRunner-Firefox -->
  </suite> <!-- Suite -->
</testng-results>
